c:\users\xxk_.link\source\repos\ffxvlocalcoop-minhook\ffxvlocalcoop\x64\debug\ffxvlocalcoop.pch
c:\users\xxk_.link\source\repos\ffxvlocalcoop-minhook\ffxvlocalcoop\x64\debug\vc141.pdb
c:\users\xxk_.link\source\repos\ffxvlocalcoop-minhook\ffxvlocalcoop\x64\debug\vc141.idb
c:\users\xxk_.link\source\repos\ffxvlocalcoop-minhook\ffxvlocalcoop\x64\debug\stdafx.obj
c:\users\xxk_.link\source\repos\ffxvlocalcoop-minhook\ffxvlocalcoop\x64\debug\imgui_widgets.obj
c:\users\xxk_.link\source\repos\ffxvlocalcoop-minhook\ffxvlocalcoop\x64\debug\imgui_impl_win32.obj
c:\users\xxk_.link\source\repos\ffxvlocalcoop-minhook\ffxvlocalcoop\x64\debug\imgui_impl_dx11.obj
c:\users\xxk_.link\source\repos\ffxvlocalcoop-minhook\ffxvlocalcoop\x64\debug\imgui_draw.obj
c:\users\xxk_.link\source\repos\ffxvlocalcoop-minhook\ffxvlocalcoop\x64\debug\imgui_demo.obj
c:\users\xxk_.link\source\repos\ffxvlocalcoop-minhook\ffxvlocalcoop\x64\debug\imgui.obj
c:\users\xxk_.link\source\repos\ffxvlocalcoop-minhook\ffxvlocalcoop\x64\debug\dllmain.obj
c:\users\xxk_.link\source\repos\ffxvlocalcoop-minhook\x64\debug\ffxvlocalcoop.dll
c:\users\xxk_.link\source\repos\ffxvlocalcoop-minhook\x64\debug\ffxvlocalcoop.ilk
c:\users\xxk_.link\source\repos\ffxvlocalcoop-minhook\x64\debug\ffxvlocalcoop.pdb
c:\users\xxk_.link\source\repos\ffxvlocalcoop-minhook\ffxvlocalcoop\x64\debug\ffxvlocalcoop.tlog\cl.command.1.tlog
c:\users\xxk_.link\source\repos\ffxvlocalcoop-minhook\ffxvlocalcoop\x64\debug\ffxvlocalcoop.tlog\cl.read.1.tlog
c:\users\xxk_.link\source\repos\ffxvlocalcoop-minhook\ffxvlocalcoop\x64\debug\ffxvlocalcoop.tlog\cl.write.1.tlog
c:\users\xxk_.link\source\repos\ffxvlocalcoop-minhook\ffxvlocalcoop\x64\debug\ffxvlocalcoop.tlog\link.command.1.tlog
c:\users\xxk_.link\source\repos\ffxvlocalcoop-minhook\ffxvlocalcoop\x64\debug\ffxvlocalcoop.tlog\link.read.1.tlog
c:\users\xxk_.link\source\repos\ffxvlocalcoop-minhook\ffxvlocalcoop\x64\debug\ffxvlocalcoop.tlog\link.write.1.tlog
